0 info it worked if it ends with ok
1 verbose cli [ 'c:\\nodejs\\node.exe',
1 verbose cli   'c:\\nodejs\\node_modules\\npm\\bin\\npm-cli.js',
1 verbose cli   'start' ]
2 info using npm@1.4.21
3 info using node@v0.10.30
4 verbose run-script [ 'prestart', 'start', 'poststart' ]
5 info prestart elibrary-api@0.1.0
6 info start elibrary-api@0.1.0
7 verbose unsafe-perm in lifecycle true
8 info elibrary-api@0.1.0 Failed to exec start script
9 error elibrary-api@0.1.0 start: `node bin/server`
9 error Exit status 8
10 error Failed at the elibrary-api@0.1.0 start script.
10 error This is most likely a problem with the elibrary-api package,
10 error not with npm itself.
10 error Tell the author that this fails on your system:
10 error     node bin/server
10 error You can get their info via:
10 error     npm owner ls elibrary-api
10 error There is likely additional logging output above.
11 error System Windows_NT 6.1.7600
12 error command "c:\\nodejs\\node.exe" "c:\\nodejs\\node_modules\\npm\\bin\\npm-cli.js" "start"
13 error cwd C:\wamp\www\elibrary-api
14 error node -v v0.10.30
15 error npm -v 1.4.21
16 error code ELIFECYCLE
17 verbose exit [ 1, true ]
